Batch Render Log - Post 666
Template: 141123df-2a69-46e7-b6ab-cfe7b5620fd4
Date: 2025-12-21T19:00:39.545029
Total time: 9.0 minutes

Completed (124):
  - 247 Heating and Air: https://drive.google.com/file/d/1p4k_OvWRnBRH9QBk7tDQT0UnTJRPislZ/view?usp=drivesdk
  - 2B COOL Services, LLC: https://drive.google.com/file/d/1jbWuFJSkn9mn6KzPcFeLQdRg0Uo2fyxR/view?usp=drivesdk
  - A and Z Mechanical: https://drive.google.com/file/d/15LNtNU2JYAszZMqgJ6_YBzamWvVKjJzU/view?usp=drivesdk
  - AccuMax Heating and Cooling: https://drive.google.com/file/d/1zSuzR16JGYBnYgjwvXmt9q6ZaTQpL77e/view?usp=drivesdk
  - Advanced Air Solutions Systems: https://drive.google.com/file/d/15gQRXmZinYHcw9twgVPrP0_U5EJc9X6f/view?usp=drivesdk
  - Advanced Solutions LLC: https://drive.google.com/file/d/1atPvsNkA12yC9Cf0oUG5ceUBv1A0oVXY/view?usp=drivesdk
  - Advantage Heating and Cooling: https://drive.google.com/file/d/1uB1HM4qBFGLHIZ0YcgsTrXcMmCQV_L80/view?usp=drivesdk
  - Air 911 Heating and Cooling LLC: https://drive.google.com/file/d/1u4mV7fZfADNnGi9aNs2cQvAXZSF0uGKN/view?usp=drivesdk
  - Air Repair Heating and AC: https://drive.google.com/file/d/1cEXdS4jpa1aRfjNi88a_6EdlO_d1MSwE/view?usp=drivesdk
  - Air System Experts Air Conditioning and Heating Service: https://drive.google.com/file/d/1nmI282kzlZ3I_ZsFsBnzU9cLJkuFvRk4/view?usp=drivesdk
  - Air Technicians Inc.: https://drive.google.com/file/d/1-txBo8kgCxmKkQP7xB7V001WoC8WonCt/view?usp=drivesdk
  - Airtech Mechanical Services, Inc.: https://drive.google.com/file/d/1QAMh8qOC6Ta_CUBxIcn3qUfdY9yvMR5B/view?usp=drivesdk
  - All Temp Heating and Cooling: https://drive.google.com/file/d/1dHKM3hX9heEFDDvjQyq2Wt_xY7ZCGLaI/view?usp=drivesdk
  - Angleton Sheetmetal Services, Inc.: https://drive.google.com/file/d/1YKY7gaeILVzsM8eFew3sHfP4TMeGXtB5/view?usp=drivesdk
  - Aquilla Air: https://drive.google.com/file/d/109EVKIiphcpIcuXFKZNd34LoSRIo_Hq5/view?usp=drivesdk
  - Arctic Air Conditioning and Heating: https://drive.google.com/file/d/14loCfGwDLiqLAvwdMAH4EkbKKTEDPL02/view?usp=drivesdk
  - Arctic Air Works LLC: https://drive.google.com/file/d/1K4M7kz2jPJsQvVmGVX3F5lj92KBw2b3H/view?usp=drivesdk
  - Arctic Fire Heating and Cooling: https://drive.google.com/file/d/1RUseN8fJAEu7xyDjkVgDPWJ7nGTrgNbm/view?usp=drivesdk
  - Art Smith and Son: https://drive.google.com/file/d/1Ib9dYHSCRIY65KoTgi-QsU18xRmRsSt8/view?usp=drivesdk
  - Astro Tex Air Conditioning and Heating: https://drive.google.com/file/d/1Z0KudmFkvw77y_LBMWHeNc35IuBwp44o/view?usp=drivesdk
  - At Temp Mechanical: https://drive.google.com/file/d/1hTW1HDWTWyBLeHBhOZt7iGC8FbFpY2o9/view?usp=drivesdk
  - Atlantic Comfort Systems: https://drive.google.com/file/d/1fyvQbTGhOOybOeWmhLPBdwylDnuiWK6G/view?usp=drivesdk
  - Aviation Mechanical LTD: https://drive.google.com/file/d/1MEGUDtiQ0k0OVxwxvYhadylQMQdu2qat/view?usp=drivesdk
  - B and C Plumbing and Heating: https://drive.google.com/file/d/1blysN4Sl3qgMNpV6T3C6UnFQaj9GBkZn/view?usp=drivesdk
  - B and G Mechanical LLC: https://drive.google.com/file/d/1b5oXqXTgXca3fbpgAWjwAVfBMxAMc9Zw/view?usp=drivesdk
  - Bilco Air Conditioning and Heating: https://drive.google.com/file/d/1GSgUAu0BD-InaiYvF23t84MVXZBISrg5/view?usp=drivesdk
  - Bill Mohn Heating and Cooling: https://drive.google.com/file/d/1nT-oLOhZBmyayAJN182SOC5hLZBIVtz4/view?usp=drivesdk
  - Bird Ventilation and Gasfitting LTD.: https://drive.google.com/file/d/1dk3MxwkBxAJUG36oziRFcznp66pi_9DX/view?usp=drivesdk
  - Blue Valley Heating and Cooling: https://drive.google.com/file/d/14bcv6ILeFSZcmbOyABV0eKTBT1EjsL2e/view?usp=drivesdk
  - Brian's Heating and Air Conditioning: https://drive.google.com/file/d/1Eso2llmynVcSTzWfWrchmcYwJCA-OJU7/view?usp=drivesdk
  - Jeff's Heating and Cooling: https://drive.google.com/file/d/120Qi6aJkflxfLzB6Z80PgxgAqmQ1-cru/view?usp=drivesdk
  - Jim and Dude's Plumbing Heating and Air Conditioning: https://drive.google.com/file/d/1_TslmL7mKERt6pqPeRJxuOc36ainUNiG/view?usp=drivesdk
  - KMK Heating and Air Conditioning: https://drive.google.com/file/d/1TCYDSKChEdJ5FXO5XoCotoGjBwJsgcgy/view?usp=drivesdk
  - Kennedy's Heating and Air Conditioning: https://drive.google.com/file/d/1GbnFnZT53rNjfTqCE4VM3DVYO2SDP1hO/view?usp=drivesdk
  - Brothertons Heating & Air: https://drive.google.com/file/d/1A9ozZZWq4A0KsRoPyAGOYpNacvVRpfwY/view?usp=drivesdk
  - C and G Mechanical LLC: https://drive.google.com/file/d/1Dq92IgbV_zWFcDo8if8ps1SLcAi-l-K9/view?usp=drivesdk
  - Campbells Heating and Cooling: https://drive.google.com/file/d/1GLY-OuuUee2VwdPSm9r-y5lHlTNz75gC/view?usp=drivesdk
  - Carstens Plumbing and Heating: https://drive.google.com/file/d/1BeprRuadcN0VdXNyv_29RMCzkpNDIi0L/view?usp=drivesdk
  - Carter Air: https://drive.google.com/file/d/1stWRV5dSiXVzamTkuJ_XJCpJPlkriASt/view?usp=drivesdk
  - Centroplex Service Company: https://drive.google.com/file/d/1GFhgG709drp7DCaL2RIAQqvH3XTYKVJI/view?usp=drivesdk
  - Chase Heating and Cooling: https://drive.google.com/file/d/1RbD0nJGGY-4smz7Cx994rvkCWhxFN_v-/view?usp=drivesdk
  - Chipps Residential Services LLC: https://drive.google.com/file/d/1BY52yXZ1kReoVCSyF_ZKY5knHOLUTQ5B/view?usp=drivesdk
  - Clear Sky Heating and Air: https://drive.google.com/file/d/1lAPpnnxCaVmTHN0ChU_GlVtnuRw8fzjN/view?usp=drivesdk
  - Colorado Air Solutions: https://drive.google.com/file/d/1WPziWsTUF2r4KbD06qCjC3o8hkGDXhUn/view?usp=drivesdk
  - Comfort Connect Air Conditioning and Heating: https://drive.google.com/file/d/1-aAoINPCAl09PuZdQBbKn6lG73b8iKcz/view?usp=drivesdk
  - ComfortPro Solutions: https://drive.google.com/file/d/1Kr4MChwJY6PRA3i2rBGLs9S2GaG9H1YY/view?usp=drivesdk
  - Cool Experts AC: https://drive.google.com/file/d/15-G-a_cDUUuQndZUhA8YRlAJy7iqGQeE/view?usp=drivesdk
  - Cortina Heating and Cooling: https://drive.google.com/file/d/1SkaOT_4B39sSMSwZQpnWbOc_Sua4tGij/view?usp=drivesdk
  - Dave Lane's Hi-Tech Mechanical: https://drive.google.com/file/d/1EYNHrEaott7LJRaFrbh-mD2cbJBqpGSm/view?usp=drivesdk
  - DeLong and Sons HVAC: https://drive.google.com/file/d/1CEVLo_73ox2SJWkLZ8llG0W-bKNeAkxP/view?usp=drivesdk
  - Delta Heating and Air: https://drive.google.com/file/d/1g83MBXS5EGqryJcykN7kKkjNAr_Uc8Cu/view?usp=drivesdk
  - Derek Pike HVACR: https://drive.google.com/file/d/1gk9FCluCysBfXFesjgPia9bmQYzSJDkT/view?usp=drivesdk
  - Dunwiddie Heating, Air Conditioning and Plumbing: https://drive.google.com/file/d/1MBhZoNQT8hfxzqDh_FbOc0TLS4BDVyWW/view?usp=drivesdk
  - Dye Plumbing and Heating Service Co.: https://drive.google.com/file/d/1bpsZ7Oo5O3Ufdid4OlB8zQ5tnN0m9rx-/view?usp=drivesdk
  - East Coast Mechanical Contractors: https://drive.google.com/file/d/1b-RGevu1sxz_2MkLWrdoBtf1ClZMd3v5/view?usp=drivesdk
  - Eco Systems Heating and Air: https://drive.google.com/file/d/1K2zE9GnNnKQvUU9k48dl7Zj3cWGOBsf2/view?usp=drivesdk
  - Elite AC Solutions: https://drive.google.com/file/d/1cxdCVVPiBLxr38ruv1d4gMj7F2h1XuRN/view?usp=drivesdk
  - Everest Air Heating and Cooling: https://drive.google.com/file/d/19taQwa1zIqJNZGzzJ1VFiuIH7L85wPwi/view?usp=drivesdk
  - Fondas Plumbing and Heating: https://drive.google.com/file/d/1Szh8jQ9KsiEW4v4Ry6e8oxndSXEs4sAZ/view?usp=drivesdk
  - Frank DeVos National Heating & Cooling: https://drive.google.com/file/d/10lEBK4FQzdbbqqQsb-egBDlQ3jyJGigQ/view?usp=drivesdk
  - Frankum AC and Heating: https://drive.google.com/file/d/1zDoyYVMt8RXTITAqUaibW0FBCt8Oi3uU/view?usp=drivesdk
  - G and L Services: https://drive.google.com/file/d/1wa3Rp9y1gfiNCTgIWCnW_4X3byLNThwG/view?usp=drivesdk
  - GB Comfort Services: https://drive.google.com/file/d/1MEJdrCA1HTUgtPZwhXnTLdZr4MnkkTQt/view?usp=drivesdk
  - Gering Valley Plumbing and Heating: https://drive.google.com/file/d/1k0AnGA1tIdKiJU2-EfaG_9azGodZecIY/view?usp=drivesdk
  - Scott Plumbing & Heating Co, INC: https://drive.google.com/file/d/1Jsi3uIr47OzKFAB7MUX8XkTqkWcSwXxz/view?usp=drivesdk
  - Sgt. Paul Heat and Air Conditioning: https://drive.google.com/file/d/19aWi9IAY7uz5lsPKBprXU-prcFQTJEY1/view?usp=drivesdk
  - Simply Comfortable Heating and Cooling: https://drive.google.com/file/d/1-ar1dGoj5Q3TCPip2MRaKPgsTt2Mm435/view?usp=drivesdk
  - Smart Air LLC: https://drive.google.com/file/d/1lrwXlaykjXqISyT07USPR56IJemdfBhO/view?usp=drivesdk
  - Sonnyreena Mechanical AC and Heat Repair: https://drive.google.com/file/d/1vIzaz9dlRlxLqTjtmJ7aajKwu83NuTO-/view?usp=drivesdk
  - Standard Plumbing, Heating, and AC: https://drive.google.com/file/d/1ZT4AFajmGl2tIpEMLPbyriR-5pw3bmVS/view?usp=drivesdk
  - Stephany Heating and Air Conditioning LLC.: https://drive.google.com/file/d/1whC1k4Y2CvH5wNN8J9BzFnlfQxyW3oWL/view?usp=drivesdk
  - Stocker Heating and Cooling: https://drive.google.com/file/d/11N7nLrglhffpIi8g-NPrFetKOauSpRkt/view?usp=drivesdk
  - Texcellent Heating & Cooling: https://drive.google.com/file/d/143odkRRvifSHdsNccDnxq4y0apNOrLg4/view?usp=drivesdk
  - Titan Heating and Air: https://drive.google.com/file/d/1h9eyg80TrzGc_qhWqceM_Yijvu1IbPGt/view?usp=drivesdk
  - Total Comfort Air Solutions: https://drive.google.com/file/d/1siYIlu2OjWRl_h6xuOr9donoZOTp0-gy/view?usp=drivesdk
  - Tri City Heating and Air: https://drive.google.com/file/d/1zy7-qdExl0u2nOwqYGKCnkRt1qqF4-GB/view?usp=drivesdk
  - Trotter Air Services: https://drive.google.com/file/d/1LOmBoniGTOIv520F9rzpbGdFF7fElsYU/view?usp=drivesdk
  - Turner Refrigeration LLC: https://drive.google.com/file/d/1CwKNnpdF9NRgoxYJZp5XsJoShuJIUDtZ/view?usp=drivesdk
  - Unique Heating and Cooling: https://drive.google.com/file/d/1iIMr2bfoWseO9ePgj7SpCC-zy6aPEBO_/view?usp=drivesdk
  - Universal Climate Control: https://drive.google.com/file/d/1Wa0jrR-ZGaJMDi_5UUDL0KxLHot6f5Rr/view?usp=drivesdk
  - Whetzel’s Heating and Air, LLC: https://drive.google.com/file/d/1npKbagwo4DjmPIB8mnmVspeSOlrgl_uF/view?usp=drivesdk
  - Wiesbrook Sheet Metal: https://drive.google.com/file/d/1RQJhm5pM1SFQdlmtCflHp90N9K6wUeA-/view?usp=drivesdk
  - Williamson's AC Contracting: https://drive.google.com/file/d/1DcEBnhIZlIsdQohkrxSNif6dSvX3Azor/view?usp=drivesdk
  - Ginsel Heating and Air: https://drive.google.com/file/d/1LnRKPATQtaUiffjTEApB3Ym1F43r6tnr/view?usp=drivesdk
  - H and H Plumbing, Heating and Cooling: https://drive.google.com/file/d/1NQapx58GlwP0ShryEY0D25FZwE8ZGyhW/view?usp=drivesdk
  - H.E.R.O. Heating and Air Conditioning: https://drive.google.com/file/d/1J_3DACCljUY8Iba07BzDytMQg_TAyXnD/view?usp=drivesdk
  - Hansen Heating, Plumbing, and Air Conditioning: https://drive.google.com/file/d/1HTl0jF2piap0EpnfNBPzcaXTXhC5csMQ/view?usp=drivesdk
  - Hensley Heating and Cooling LLC: https://drive.google.com/file/d/1ZZRIX8XM0t2mc7tfAM2CRX5Yt5H2tbkk/view?usp=drivesdk
  - High Performance Home Systems: https://drive.google.com/file/d/1lZT0eiWARbgFAZGxADC9aMDl951iyT_M/view?usp=drivesdk
  - Icon Heating and Cooling: https://drive.google.com/file/d/1S4Uml48sMhqRO2MQvOkWztzOS7GFuDq4/view?usp=drivesdk
  - Integrity AC LLC: https://drive.google.com/file/d/1XuJ3kw1vZICVKwDY1lgLBJ_i0Qle9d18/view?usp=drivesdk
  - J. Golden Plumbing, Heating and Cooling: https://drive.google.com/file/d/1ulOkS-f-2752-6QFn0YnpldRHJN2E-kp/view?usp=drivesdk
  - Justin Time Plumbing and Heating: https://drive.google.com/file/d/1MXnLGghXG6nr6Eg4ui5ylzspbTwhsn6d/view?usp=drivesdk
  - KTS Heating and Air and Refrigeration: https://drive.google.com/file/d/1onN4Iztgwp45QUzIcjcJYGW7buoZQzkB/view?usp=drivesdk
  - Kerr County AC and Heating Services: https://drive.google.com/file/d/1q5UlEWG8_nFFzRfpXwiWVjz0jTkjF8Dl/view?usp=drivesdk
  - Krooswyk Plumbing Heating and Air Conditioning: https://drive.google.com/file/d/1BWDxAMM4OYnIk7UIKjsXdyOrPVR7CmR6/view?usp=drivesdk
  - Lakefront Heating and Air: https://drive.google.com/file/d/1wEJ7UZ-CqcoAktXaFACCZlBl3_jfyCn5/view?usp=drivesdk
  - Laramie Mechanical and Heating Systems: https://drive.google.com/file/d/1BwQ35DlyAqez3BhT9igAvvErvVWcgCYx/view?usp=drivesdk
  - Leonard Heating and A/C: https://drive.google.com/file/d/1VlHzM84ARBSlkOXj2rV_bkHmeOR97uUO/view?usp=drivesdk
  - Majeski Plumbing & Heating: https://drive.google.com/file/d/1PWlAUrSKlHXLy-V_iEoo8Ywh8LTc1xgf/view?usp=drivesdk
  - Marcos' AC and Heating Services: https://drive.google.com/file/d/1Jf0srdnEoeZ4hIVOGsDHZdKzPvjivNVY/view?usp=drivesdk
  - McCoy Boys HVAC: https://drive.google.com/file/d/1w22MoTNBUiWBsqTB61waEG-dPJdgO1r6/view?usp=drivesdk
  - McDonald Mechanical Services: https://drive.google.com/file/d/1sKLbn_MyGEwNunbYIhNlVejJ0KbUK_se/view?usp=drivesdk
  - Mesquite Heating & Air Conditioning: https://drive.google.com/file/d/1eZLM2GjPmlrjNfKlzV4XYZfsdj4l6NUn/view?usp=drivesdk
  - Metro Maintenance: https://drive.google.com/file/d/1nkiJ1O7MR2bhmPanMQGrXbIlhb8mwG7n/view?usp=drivesdk
  - My Guys Heating and Air INC.: https://drive.google.com/file/d/1rgEma_QPmBTegxVoZX2nJFdNto0D3Ea4/view?usp=drivesdk
  - NC Heating and Air: https://drive.google.com/file/d/1yaZBUYeqk-v6U5t0QmYEreZtMXX49HR4/view?usp=drivesdk
  - NSG Heating and Air Specialists: https://drive.google.com/file/d/1mu2euQj3zBaFlOPb_Hyu5lu1DRteQDiC/view?usp=drivesdk
  - North Country Plumbing and Heating: https://drive.google.com/file/d/1_ck3HSeuZOUeONlqb7xKw_a_9myYB9vd/view?usp=drivesdk
  - Northern Air Plumbing and Heating: https://drive.google.com/file/d/1B6C6J1FHIBTgfWTqA5VaWRnBVXeSgzVA/view?usp=drivesdk
  - OTT Mechanical LLC: https://drive.google.com/file/d/1cgvMtvXmb-PK-oTQp9ZgFRgvwn11DFEI/view?usp=drivesdk
  - Otis Heating and Air Conditioning: https://drive.google.com/file/d/10qPbjOzBWaodXvA6XhtiT5LBTzeicexm/view?usp=drivesdk
  - Paramount Plumbing, Heating and Air Conditioning: https://drive.google.com/file/d/1t0S_bLKIQ2uMmfnNIvpqSunBZg1E0jMX/view?usp=drivesdk
  - Patriot Plumbing, Heating and AC: https://drive.google.com/file/d/1G-ogtqaq-SXkLQoVCppMjdanRT0VZ1Ld/view?usp=drivesdk
  - Peace Heating and Air: https://drive.google.com/file/d/1A7RPMT_WchnJYr-hsnuyt3ceMj1EHKP5/view?usp=drivesdk
  - Perfection Heating and Air Conditioning: https://drive.google.com/file/d/1xLqAtJw0pAiJ3_B82jRg0nVOlQOYU1TZ/view?usp=drivesdk
  - Plumbers Mechanical Group, LLC: https://drive.google.com/file/d/1v-e260n4v9Ewx1_trsMAfI9VpYvos6A6/view?usp=drivesdk
  - Premier Services Group, Inc: https://drive.google.com/file/d/1LnpYtoICTbPRz2Vzt9yTeegLHMwPCBx4/view?usp=drivesdk
  - Prevent Services: https://drive.google.com/file/d/1CUACCmIprXmjkrDy0lUntubmHPCvLMWZ/view?usp=drivesdk
  - Priority One Heating and Cooling: https://drive.google.com/file/d/1MV3cNv8nm-YcDBgHfhquIzFor2wuSliw/view?usp=drivesdk
  - Putnam Service: https://drive.google.com/file/d/1fIzGwb2aKmSmB6Y0XaFK6p0ElI6IIKhF/view?usp=drivesdk
  - R and P Heating and Cooling: https://drive.google.com/file/d/158bAdfcmm8gwfYRQag99HiZeoBwN3Wnt/view?usp=drivesdk
  - Robertson's Heating and Electrical LLC: https://drive.google.com/file/d/1P3yWZEuyPFSGdIdqPuJMf6e9DgFx0Ubv/view?usp=drivesdk
  - Santos Mechanical LLC: https://drive.google.com/file/d/1jgcHZtSmLbU_3RZ9R9aOTr_iL-iy3euk/view?usp=drivesdk

Failed (0):
