OK: 247 Heating and Air
OK: 2B COOL Services, LLC
OK: A and Z Mechanical
OK: AccuMax Heating and Cooling
OK: Advanced Air Solutions Systems
OK: Advanced Solutions LLC
OK: Advantage Heating and Cooling
OK: Air 911 Heating and Cooling LLC
OK: Air Repair Heating and AC
OK: Air System Experts Air Conditioning and Heating Service
OK: Air Technicians Inc.
OK: Airtech Mechanical Services, Inc.
OK: All Temp Heating and Cooling
OK: Angleton Sheetmetal Services, Inc.
OK: Aquilla Air
OK: Arctic Air Conditioning and Heating
OK: Arctic Air Works LLC
OK: Arctic Fire Heating and Cooling
OK: Art Smith and Son
OK: Astro Tex Air Conditioning and Heating
OK: At Temp Mechanical
OK: Atlantic Comfort Systems
OK: Aviation Mechanical LTD
OK: B and C Plumbing and Heating
OK: B and G Mechanical LLC
OK: Bilco Air Conditioning and Heating
OK: Bill Mohn Heating and Cooling
OK: Bird Ventilation and Gasfitting LTD.
OK: Blue Valley Heating and Cooling
OK: Brian's Heating and Air Conditioning
OK: Brothertons Heating & Air
OK: C and G Mechanical LLC
OK: Campbells Heating and Cooling
OK: Carstens Plumbing and Heating
OK: Carter Air
OK: Centroplex Service Company
OK: Chase Heating and Cooling
OK: Chipps Residential Services LLC
OK: Clear Sky Heating and Air
OK: Colorado Air Solutions
OK: Comfort Connect Air Conditioning and Heating
OK: ComfortPro Solutions
OK: Cool Experts AC
OK: Cortina Heating and Cooling
OK: Dave Lane's Hi-Tech Mechanical
OK: DeLong and Sons HVAC
OK: Delta Heating and Air
OK: Derek Pike HVACR
OK: Dunwiddie Heating, Air Conditioning and Plumbing
OK: Dye Plumbing and Heating Service Co.
OK: East Coast Mechanical Contractors
OK: Eco Systems Heating and Air
OK: Elite AC Solutions
OK: Everest Air Heating and Cooling
OK: Fondas Plumbing and Heating
OK: Frank DeVos National Heating & Cooling
OK: Frankum AC and Heating
OK: G and L Services
OK: GB Comfort Services
OK: Gering Valley Plumbing and Heating
OK: Ginsel Heating and Air
OK: H and H Plumbing, Heating and Cooling
OK: H.E.R.O. Heating and Air Conditioning
OK: Hansen Heating, Plumbing, and Air Conditioning
OK: Hensley Heating and Cooling LLC
OK: High Performance Home Systems
OK: Icon Heating and Cooling
OK: Integrity AC LLC
OK: J. Golden Plumbing, Heating and Cooling
OK: Jeff's Heating and Cooling
OK: Jim and Dude's Plumbing Heating and Air Conditioning
OK: Justin Time Plumbing and Heating
OK: KMK Heating and Air Conditioning
OK: KTS Heating and Air and Refrigeration
OK: Kennedy's Heating and Air Conditioning
OK: Kerr County AC and Heating Services
OK: Krooswyk Plumbing Heating and Air Conditioning
OK: Lakefront Heating and Air
OK: Laramie Mechanical and Heating Systems
OK: Leonard Heating and A/C
OK: Majeski Plumbing & Heating
OK: Marcos' AC and Heating Services
OK: McCoy Boys HVAC
OK: McDonald Mechanical Services
OK: Mesquite Heating & Air Conditioning
OK: Metro Maintenance
OK: My Guys Heating and Air INC.
OK: NC Heating and Air
OK: NSG Heating and Air Specialists
OK: North Country Plumbing and Heating
OK: Northern Air Plumbing and Heating
OK: OTT Mechanical LLC
OK: Otis Heating and Air Conditioning
OK: Paramount Plumbing, Heating and Air Conditioning
OK: Patriot Plumbing, Heating and AC
OK: Peace Heating and Air
OK: Perfection Heating and Air Conditioning
OK: Plumbers Mechanical Group, LLC
OK: Premier Services Group, Inc
OK: Prevent Services
OK: Priority One Heating and Cooling
OK: Putnam Service
OK: R and P Heating and Cooling
OK: Robertson's Heating and Electrical LLC
OK: Ron's Heating and Cooling
OK: Santos Mechanical LLC
OK: Scott Plumbing & Heating Co, INC
OK: Sgt. Paul Heat and Air Conditioning
OK: Simply Comfortable Heating and Cooling
OK: Smart Air LLC
OK: Sonnyreena Mechanical AC and Heat Repair
OK: Standard Plumbing, Heating, and AC
OK: Stephany Heating and Air Conditioning LLC.
OK: Stocker Heating and Cooling
OK: Texcellent Heating & Cooling
OK: Titan Heating and Air
OK: Total Comfort Air Solutions
OK: Tri City Heating and Air
OK: Trotter Air Services
OK: Turner Refrigeration LLC
OK: Unique Heating and Cooling
OK: Universal Climate Control
MISMATCH row 123: DB='Whetzel’s Heating and Air, LLC' vs Excel='Whetzel's Heating and Air LLC'
OK: Williamson's AC Contracting